The system is: Linux - 3.19.0-33-generic - x86_64
Compiling the C compiler identification source file "CMakeCCompilerId.c" succeeded.
Compiler: /usr/bin/cc 
Build flags: 
Id flags: 

The output was:
0


Compilation of the C compiler identification source "CMakeCCompilerId.c" produced "a.out"

The C compiler identification is GNU, found in "/home/hololab/workspace/Volvux/build/CMakeFiles/3.4.0/CompilerIdC/a.out"

Compiling the CXX compiler identification source file "CMakeCXXCompilerId.cpp" succeeded.
Compiler: /usr/bin/c++ 
Build flags: 
Id flags: 

The output was:
0


Compilation of the CXX compiler identification source "CMakeCXXCompilerId.cpp" produced "a.out"

The CXX compiler identification is GNU, found in "/home/hololab/workspace/Volvux/build/CMakeFiles/3.4.0/CompilerIdCXX/a.out"

Determining if the C compiler works passed with the following output:
Change Dir: /home/hololab/workspace/Volvux/build/CMakeFiles/CMakeTmp

Run Build Command:"/usr/bin/make" "cmTC_11fdb/fast"
/usr/bin/make -f CMakeFiles/cmTC_11fdb.dir/build.make CMakeFiles/cmTC_11fdb.dir/build
make[1]: Entering directory `/home/hololab/workspace/Volvux/build/CMakeFiles/CMakeTmp'
Building C object CMakeFiles/cmTC_11fdb.dir/testCCompiler.c.o
/usr/bin/cc     -o CMakeFiles/cmTC_11fdb.dir/testCCompiler.c.o   -c /home/hololab/workspace/Volvux/build/CMakeFiles/CMakeTmp/testCCompiler.c
Linking C executable cmTC_11fdb
/usr/share/cmake-3.4.0-Linux-x86_64/bin/cmake -E cmake_link_script CMakeFiles/cmTC_11fdb.dir/link.txt --verbose=1
/usr/bin/cc       CMakeFiles/cmTC_11fdb.dir/testCCompiler.c.o  -o cmTC_11fdb -rdynamic 
make[1]: Leaving directory `/home/hololab/workspace/Volvux/build/CMakeFiles/CMakeTmp'


Detecting C compiler ABI info compiled with the following output:
Change Dir: /home/hololab/workspace/Volvux/build/CMakeFiles/CMakeTmp

Run Build Command:"/usr/bin/make" "cmTC_94dfb/fast"
/usr/bin/make -f CMakeFiles/cmTC_94dfb.dir/build.make CMakeFiles/cmTC_94dfb.dir/build
make[1]: Entering directory `/home/hololab/workspace/Volvux/build/CMakeFiles/CMakeTmp'
Building C object CMakeFiles/cmTC_94dfb.dir/CMakeCCompilerABI.c.o
/usr/bin/cc     -o CMakeFiles/cmTC_94dfb.dir/CMakeCCompilerABI.c.o   -c /usr/share/cmake-3.4.0-Linux-x86_64/share/cmake-3.4/Modules/CMakeCCompilerABI.c
Linking C executable cmTC_94dfb
/usr/share/cmake-3.4.0-Linux-x86_64/bin/cmake -E cmake_link_script CMakeFiles/cmTC_94dfb.dir/link.txt --verbose=1
/usr/bin/cc      -v CMakeFiles/cmTC_94dfb.dir/CMakeCCompilerABI.c.o  -o cmTC_94dfb -rdynamic  
Using built-in specs.
COLLECT_GCC=/usr/bin/cc
COLLECT_LTO_WRAPPER=/usr/lib/gcc/x86_64-linux-gnu/4.8/lto-wrapper
Target: x86_64-linux-gnu
Configured with: ../src/configure -v --with-pkgversion='Ubuntu 4.8.4-2ubuntu1~14.04' --with-bugurl=file:///usr/share/doc/gcc-4.8/README.Bugs --enable-languages=c,c++,java,go,d,fortran,objc,obj-c++ --prefix=/usr --program-suffix=-4.8 --enable-shared --enable-linker-build-id --libexecdir=/usr/lib --without-included-gettext --enable-threads=posix --with-gxx-include-dir=/usr/include/c++/4.8 --libdir=/usr/lib --enable-nls --with-sysroot=/ --enable-clocale=gnu --enable-libstdcxx-debug --enable-libstdcxx-time=yes --enable-gnu-unique-object --disable-libmudflap --enable-plugin --with-system-zlib --disable-browser-plugin --enable-java-awt=gtk --enable-gtk-cairo --with-java-home=/usr/lib/jvm/java-1.5.0-gcj-4.8-amd64/jre --enable-java-home --with-jvm-root-dir=/usr/lib/jvm/java-1.5.0-gcj-4.8-amd64 --with-jvm-jar-dir=/usr/lib/jvm-exports/java-1.5.0-gcj-4.8-amd64 --with-arch-directory=amd64 --with-ecj-jar=/usr/share/java/eclipse-ecj.jar --enable-objc-gc --enable-multiarch --disable-werror --with-arch-32=i686 --with-abi=m64 --with-multilib-list=m32,m64,mx32 --with-tune=generic --enable-checking=release --build=x86_64-linux-gnu --host=x86_64-linux-gnu --target=x86_64-linux-gnu
Thread model: posix
gcc version 4.8.4 (Ubuntu 4.8.4-2ubuntu1~14.04) 
COMPILER_PATH=/usr/lib/gcc/x86_64-linux-gnu/4.8/:/usr/lib/gcc/x86_64-linux-gnu/4.8/:/usr/lib/gcc/x86_64-linux-gnu/:/usr/lib/gcc/x86_64-linux-gnu/4.8/:/usr/lib/gcc/x86_64-linux-gnu/
LIBRARY_PATH=/usr/lib/gcc/x86_64-linux-gnu/4.8/:/usr/lib/gcc/x86_64-linux-gnu/4.8/../../../x86_64-linux-gnu/:/usr/lib/gcc/x86_64-linux-gnu/4.8/../../../../lib/:/lib/x86_64-linux-gnu/:/lib/../lib/:/usr/lib/x86_64-linux-gnu/:/usr/lib/../lib/:/usr/lib/gcc/x86_64-linux-gnu/4.8/../../../:/lib/:/usr/lib/
COLLECT_GCC_OPTIONS='-v' '-o' 'cmTC_94dfb' '-rdynamic' '-mtune=generic' '-march=x86-64'
 /usr/lib/gcc/x86_64-linux-gnu/4.8/collect2 --sysroot=/ --build-id --eh-frame-hdr -m elf_x86_64 --hash-style=gnu --as-needed -export-dynamic -dynamic-linker /lib64/ld-linux-x86-64.so.2 -z relro -o cmTC_94dfb /usr/lib/gcc/x86_64-linux-gnu/4.8/../../../x86_64-linux-gnu/crt1.o /usr/lib/gcc/x86_64-linux-gnu/4.8/../../../x86_64-linux-gnu/crti.o /usr/lib/gcc/x86_64-linux-gnu/4.8/crtbegin.o -L/usr/lib/gcc/x86_64-linux-gnu/4.8 -L/usr/lib/gcc/x86_64-linux-gnu/4.8/../../../x86_64-linux-gnu -L/usr/lib/gcc/x86_64-linux-gnu/4.8/../../../../lib -L/lib/x86_64-linux-gnu -L/lib/../lib -L/usr/lib/x86_64-linux-gnu -L/usr/lib/../lib -L/usr/lib/gcc/x86_64-linux-gnu/4.8/../../.. CMakeFiles/cmTC_94dfb.dir/CMakeCCompilerABI.c.o -lgcc --as-needed -lgcc_s --no-as-needed -lc -lgcc --as-needed -lgcc_s --no-as-needed /usr/lib/gcc/x86_64-linux-gnu/4.8/crtend.o /usr/lib/gcc/x86_64-linux-gnu/4.8/../../../x86_64-linux-gnu/crtn.o
make[1]: Leaving directory `/home/hololab/workspace/Volvux/build/CMakeFiles/CMakeTmp'


Parsed C implicit link information from above output:
  link line regex: [^( *|.*[/\])(ld|([^/\]+-)?ld|collect2)[^/\]*( |$)]
  ignore line: [Change Dir: /home/hololab/workspace/Volvux/build/CMakeFiles/CMakeTmp]
  ignore line: []
  ignore line: [Run Build Command:"/usr/bin/make" "cmTC_94dfb/fast"]
  ignore line: [/usr/bin/make -f CMakeFiles/cmTC_94dfb.dir/build.make CMakeFiles/cmTC_94dfb.dir/build]
  ignore line: [make[1]: Entering directory `/home/hololab/workspace/Volvux/build/CMakeFiles/CMakeTmp']
  ignore line: [Building C object CMakeFiles/cmTC_94dfb.dir/CMakeCCompilerABI.c.o]
  ignore line: [/usr/bin/cc     -o CMakeFiles/cmTC_94dfb.dir/CMakeCCompilerABI.c.o   -c /usr/share/cmake-3.4.0-Linux-x86_64/share/cmake-3.4/Modules/CMakeCCompilerABI.c]
  ignore line: [Linking C executable cmTC_94dfb]
  ignore line: [/usr/share/cmake-3.4.0-Linux-x86_64/bin/cmake -E cmake_link_script CMakeFiles/cmTC_94dfb.dir/link.txt --verbose=1]
  ignore line: [/usr/bin/cc      -v CMakeFiles/cmTC_94dfb.dir/CMakeCCompilerABI.c.o  -o cmTC_94dfb -rdynamic  ]
  ignore line: [Using built-in specs.]
  ignore line: [COLLECT_GCC=/usr/bin/cc]
  ignore line: [COLLECT_LTO_WRAPPER=/usr/lib/gcc/x86_64-linux-gnu/4.8/lto-wrapper]
  ignore line: [Target: x86_64-linux-gnu]
  ignore line: [Configured with: ../src/configure -v --with-pkgversion='Ubuntu 4.8.4-2ubuntu1~14.04' --with-bugurl=file:///usr/share/doc/gcc-4.8/README.Bugs --enable-languages=c,c++,java,go,d,fortran,objc,obj-c++ --prefix=/usr --program-suffix=-4.8 --enable-shared --enable-linker-build-id --libexecdir=/usr/lib --without-included-gettext --enable-threads=posix --with-gxx-include-dir=/usr/include/c++/4.8 --libdir=/usr/lib --enable-nls --with-sysroot=/ --enable-clocale=gnu --enable-libstdcxx-debug --enable-libstdcxx-time=yes --enable-gnu-unique-object --disable-libmudflap --enable-plugin --with-system-zlib --disable-browser-plugin --enable-java-awt=gtk --enable-gtk-cairo --with-java-home=/usr/lib/jvm/java-1.5.0-gcj-4.8-amd64/jre --enable-java-home --with-jvm-root-dir=/usr/lib/jvm/java-1.5.0-gcj-4.8-amd64 --with-jvm-jar-dir=/usr/lib/jvm-exports/java-1.5.0-gcj-4.8-amd64 --with-arch-directory=amd64 --with-ecj-jar=/usr/share/java/eclipse-ecj.jar --enable-objc-gc --enable-multiarch --disable-werror --with-arch-32=i686 --with-abi=m64 --with-multilib-list=m32,m64,mx32 --with-tune=generic --enable-checking=release --build=x86_64-linux-gnu --host=x86_64-linux-gnu --target=x86_64-linux-gnu]
  ignore line: [Thread model: posix]
  ignore line: [gcc version 4.8.4 (Ubuntu 4.8.4-2ubuntu1~14.04) ]
  ignore line: [COMPILER_PATH=/usr/lib/gcc/x86_64-linux-gnu/4.8/:/usr/lib/gcc/x86_64-linux-gnu/4.8/:/usr/lib/gcc/x86_64-linux-gnu/:/usr/lib/gcc/x86_64-linux-gnu/4.8/:/usr/lib/gcc/x86_64-linux-gnu/]
  ignore line: [LIBRARY_PATH=/usr/lib/gcc/x86_64-linux-gnu/4.8/:/usr/lib/gcc/x86_64-linux-gnu/4.8/../../../x86_64-linux-gnu/:/usr/lib/gcc/x86_64-linux-gnu/4.8/../../../../lib/:/lib/x86_64-linux-gnu/:/lib/../lib/:/usr/lib/x86_64-linux-gnu/:/usr/lib/../lib/:/usr/lib/gcc/x86_64-linux-gnu/4.8/../../../:/lib/:/usr/lib/]
  ignore line: [COLLECT_GCC_OPTIONS='-v' '-o' 'cmTC_94dfb' '-rdynamic' '-mtune=generic' '-march=x86-64']
  link line: [ /usr/lib/gcc/x86_64-linux-gnu/4.8/collect2 --sysroot=/ --build-id --eh-frame-hdr -m elf_x86_64 --hash-style=gnu --as-needed -export-dynamic -dynamic-linker /lib64/ld-linux-x86-64.so.2 -z relro -o cmTC_94dfb /usr/lib/gcc/x86_64-linux-gnu/4.8/../../../x86_64-linux-gnu/crt1.o /usr/lib/gcc/x86_64-linux-gnu/4.8/../../../x86_64-linux-gnu/crti.o /usr/lib/gcc/x86_64-linux-gnu/4.8/crtbegin.o -L/usr/lib/gcc/x86_64-linux-gnu/4.8 -L/usr/lib/gcc/x86_64-linux-gnu/4.8/../../../x86_64-linux-gnu -L/usr/lib/gcc/x86_64-linux-gnu/4.8/../../../../lib -L/lib/x86_64-linux-gnu -L/lib/../lib -L/usr/lib/x86_64-linux-gnu -L/usr/lib/../lib -L/usr/lib/gcc/x86_64-linux-gnu/4.8/../../.. CMakeFiles/cmTC_94dfb.dir/CMakeCCompilerABI.c.o -lgcc --as-needed -lgcc_s --no-as-needed -lc -lgcc --as-needed -lgcc_s --no-as-needed /usr/lib/gcc/x86_64-linux-gnu/4.8/crtend.o /usr/lib/gcc/x86_64-linux-gnu/4.8/../../../x86_64-linux-gnu/crtn.o]
    arg [/usr/lib/gcc/x86_64-linux-gnu/4.8/collect2] ==> ignore
    arg [--sysroot=/] ==> ignore
    arg [--build-id] ==> ignore
    arg [--eh-frame-hdr] ==> ignore
    arg [-m] ==> ignore
    arg [elf_x86_64] ==> ignore
    arg [--hash-style=gnu] ==> ignore
    arg [--as-needed] ==> ignore
    arg [-export-dynamic] ==> ignore
    arg [-dynamic-linker] ==> ignore
    arg [/lib64/ld-linux-x86-64.so.2] ==> ignore
    arg [-zrelro] ==> ignore
    arg [-o] ==> ignore
    arg [cmTC_94dfb] ==> ignore
    arg [/usr/lib/gcc/x86_64-linux-gnu/4.8/../../../x86_64-linux-gnu/crt1.o] ==> ignore
    arg [/usr/lib/gcc/x86_64-linux-gnu/4.8/../../../x86_64-linux-gnu/crti.o] ==> ignore
    arg [/usr/lib/gcc/x86_64-linux-gnu/4.8/crtbegin.o] ==> ignore
    arg [-L/usr/lib/gcc/x86_64-linux-gnu/4.8] ==> dir [/usr/lib/gcc/x86_64-linux-gnu/4.8]
    arg [-L/usr/lib/gcc/x86_64-linux-gnu/4.8/../../../x86_64-linux-gnu] ==> dir [/usr/lib/gcc/x86_64-linux-gnu/4.8/../../../x86_64-linux-gnu]
    arg [-L/usr/lib/gcc/x86_64-linux-gnu/4.8/../../../../lib] ==> dir [/usr/lib/gcc/x86_64-linux-gnu/4.8/../../../../lib]
    arg [-L/lib/x86_64-linux-gnu] ==> dir [/lib/x86_64-linux-gnu]
    arg [-L/lib/../lib] ==> dir [/lib/../lib]
    arg [-L/usr/lib/x86_64-linux-gnu] ==> dir [/usr/lib/x86_64-linux-gnu]
    arg [-L/usr/lib/../lib] ==> dir [/usr/lib/../lib]
    arg [-L/usr/lib/gcc/x86_64-linux-gnu/4.8/../../..] ==> dir [/usr/lib/gcc/x86_64-linux-gnu/4.8/../../..]
    arg [CMakeFiles/cmTC_94dfb.dir/CMakeCCompilerABI.c.o] ==> ignore
    arg [-lgcc] ==> lib [gcc]
    arg [--as-needed] ==> ignore
    arg [-lgcc_s] ==> lib [gcc_s]
    arg [--no-as-needed] ==> ignore
    arg [-lc] ==> lib [c]
    arg [-lgcc] ==> lib [gcc]
    arg [--as-needed] ==> ignore
    arg [-lgcc_s] ==> lib [gcc_s]
    arg [--no-as-needed] ==> ignore
    arg [/usr/lib/gcc/x86_64-linux-gnu/4.8/crtend.o] ==> ignore
    arg [/usr/lib/gcc/x86_64-linux-gnu/4.8/../../../x86_64-linux-gnu/crtn.o] ==> ignore
  remove lib [gcc]
  remove lib [gcc_s]
  remove lib [gcc]
  remove lib [gcc_s]
  collapse library dir [/usr/lib/gcc/x86_64-linux-gnu/4.8] ==> [/usr/lib/gcc/x86_64-linux-gnu/4.8]
  collapse library dir [/usr/lib/gcc/x86_64-linux-gnu/4.8/../../../x86_64-linux-gnu] ==> [/usr/lib/x86_64-linux-gnu]
  collapse library dir [/usr/lib/gcc/x86_64-linux-gnu/4.8/../../../../lib] ==> [/usr/lib]
  collapse library dir [/lib/x86_64-linux-gnu] ==> [/lib/x86_64-linux-gnu]
  collapse library dir [/lib/../lib] ==> [/lib]
  collapse library dir [/usr/lib/x86_64-linux-gnu] ==> [/usr/lib/x86_64-linux-gnu]
  collapse library dir [/usr/lib/../lib] ==> [/usr/lib]
  collapse library dir [/usr/lib/gcc/x86_64-linux-gnu/4.8/../../..] ==> [/usr/lib]
  implicit libs: [c]
  implicit dirs: [/usr/lib/gcc/x86_64-linux-gnu/4.8;/usr/lib/x86_64-linux-gnu;/usr/lib;/lib/x86_64-linux-gnu;/lib]
  implicit fwks: []




Detecting C [-std=c11] compiler features compiled with the following output:
Change Dir: /home/hololab/workspace/Volvux/build/CMakeFiles/CMakeTmp

Run Build Command:"/usr/bin/make" "cmTC_73b1b/fast"
/usr/bin/make -f CMakeFiles/cmTC_73b1b.dir/build.make CMakeFiles/cmTC_73b1b.dir/build
make[1]: Entering directory `/home/hololab/workspace/Volvux/build/CMakeFiles/CMakeTmp'
Building C object CMakeFiles/cmTC_73b1b.dir/feature_tests.c.o
/usr/bin/cc    -std=c11 -o CMakeFiles/cmTC_73b1b.dir/feature_tests.c.o   -c /home/hololab/workspace/Volvux/build/CMakeFiles/feature_tests.c
Linking C executable cmTC_73b1b
/usr/share/cmake-3.4.0-Linux-x86_64/bin/cmake -E cmake_link_script CMakeFiles/cmTC_73b1b.dir/link.txt --verbose=1
/usr/bin/cc       CMakeFiles/cmTC_73b1b.dir/feature_tests.c.o  -o cmTC_73b1b -rdynamic 
make[1]: Leaving directory `/home/hololab/workspace/Volvux/build/CMakeFiles/CMakeTmp'


    Feature record: C_FEATURE:1c_function_prototypes
    Feature record: C_FEATURE:1c_restrict
    Feature record: C_FEATURE:1c_static_assert
    Feature record: C_FEATURE:1c_variadic_macros


Detecting C [-std=c99] compiler features compiled with the following output:
Change Dir: /home/hololab/workspace/Volvux/build/CMakeFiles/CMakeTmp

Run Build Command:"/usr/bin/make" "cmTC_8c31b/fast"
/usr/bin/make -f CMakeFiles/cmTC_8c31b.dir/build.make CMakeFiles/cmTC_8c31b.dir/build
make[1]: Entering directory `/home/hololab/workspace/Volvux/build/CMakeFiles/CMakeTmp'
Building C object CMakeFiles/cmTC_8c31b.dir/feature_tests.c.o
/usr/bin/cc    -std=c99 -o CMakeFiles/cmTC_8c31b.dir/feature_tests.c.o   -c /home/hololab/workspace/Volvux/build/CMakeFiles/feature_tests.c
Linking C executable cmTC_8c31b
/usr/share/cmake-3.4.0-Linux-x86_64/bin/cmake -E cmake_link_script CMakeFiles/cmTC_8c31b.dir/link.txt --verbose=1
/usr/bin/cc       CMakeFiles/cmTC_8c31b.dir/feature_tests.c.o  -o cmTC_8c31b -rdynamic 
make[1]: Leaving directory `/home/hololab/workspace/Volvux/build/CMakeFiles/CMakeTmp'


    Feature record: C_FEATURE:1c_function_prototypes
    Feature record: C_FEATURE:1c_restrict
    Feature record: C_FEATURE:0c_static_assert
    Feature record: C_FEATURE:1c_variadic_macros


Detecting C [-std=c90] compiler features compiled with the following output:
Change Dir: /home/hololab/workspace/Volvux/build/CMakeFiles/CMakeTmp

Run Build Command:"/usr/bin/make" "cmTC_0c815/fast"
/usr/bin/make -f CMakeFiles/cmTC_0c815.dir/build.make CMakeFiles/cmTC_0c815.dir/build
make[1]: Entering directory `/home/hololab/workspace/Volvux/build/CMakeFiles/CMakeTmp'
Building C object CMakeFiles/cmTC_0c815.dir/feature_tests.c.o
/usr/bin/cc    -std=c90 -o CMakeFiles/cmTC_0c815.dir/feature_tests.c.o   -c /home/hololab/workspace/Volvux/build/CMakeFiles/feature_tests.c
Linking C executable cmTC_0c815
/usr/share/cmake-3.4.0-Linux-x86_64/bin/cmake -E cmake_link_script CMakeFiles/cmTC_0c815.dir/link.txt --verbose=1
/usr/bin/cc       CMakeFiles/cmTC_0c815.dir/feature_tests.c.o  -o cmTC_0c815 -rdynamic 
make[1]: Leaving directory `/home/hololab/workspace/Volvux/build/CMakeFiles/CMakeTmp'


    Feature record: C_FEATURE:1c_function_prototypes
    Feature record: C_FEATURE:0c_restrict
    Feature record: C_FEATURE:0c_static_assert
    Feature record: C_FEATURE:0c_variadic_macros
Determining if the CXX compiler works passed with the following output:
Change Dir: /home/hololab/workspace/Volvux/build/CMakeFiles/CMakeTmp

Run Build Command:"/usr/bin/make" "cmTC_1e9d4/fast"
/usr/bin/make -f CMakeFiles/cmTC_1e9d4.dir/build.make CMakeFiles/cmTC_1e9d4.dir/build
make[1]: Entering directory `/home/hololab/workspace/Volvux/build/CMakeFiles/CMakeTmp'
Building CXX object CMakeFiles/cmTC_1e9d4.dir/testCXXCompiler.cxx.o
/usr/bin/c++      -o CMakeFiles/cmTC_1e9d4.dir/testCXXCompiler.cxx.o -c /home/hololab/workspace/Volvux/build/CMakeFiles/CMakeTmp/testCXXCompiler.cxx
Linking CXX executable cmTC_1e9d4
/usr/share/cmake-3.4.0-Linux-x86_64/bin/cmake -E cmake_link_script CMakeFiles/cmTC_1e9d4.dir/link.txt --verbose=1
/usr/bin/c++        CMakeFiles/cmTC_1e9d4.dir/testCXXCompiler.cxx.o  -o cmTC_1e9d4 -rdynamic 
make[1]: Leaving directory `/home/hololab/workspace/Volvux/build/CMakeFiles/CMakeTmp'


Detecting CXX compiler ABI info compiled with the following output:
Change Dir: /home/hololab/workspace/Volvux/build/CMakeFiles/CMakeTmp

Run Build Command:"/usr/bin/make" "cmTC_546bd/fast"
/usr/bin/make -f CMakeFiles/cmTC_546bd.dir/build.make CMakeFiles/cmTC_546bd.dir/build
make[1]: Entering directory `/home/hololab/workspace/Volvux/build/CMakeFiles/CMakeTmp'
Building CXX object CMakeFiles/cmTC_546bd.dir/CMakeCXXCompilerABI.cpp.o
/usr/bin/c++      -o CMakeFiles/cmTC_546bd.dir/CMakeCXXCompilerABI.cpp.o -c /usr/share/cmake-3.4.0-Linux-x86_64/share/cmake-3.4/Modules/CMakeCXXCompilerABI.cpp
Linking CXX executable cmTC_546bd
/usr/share/cmake-3.4.0-Linux-x86_64/bin/cmake -E cmake_link_script CMakeFiles/cmTC_546bd.dir/link.txt --verbose=1
/usr/bin/c++       -v CMakeFiles/cmTC_546bd.dir/CMakeCXXCompilerABI.cpp.o  -o cmTC_546bd -rdynamic  
Using built-in specs.
COLLECT_GCC=/usr/bin/c++
COLLECT_LTO_WRAPPER=/usr/lib/gcc/x86_64-linux-gnu/4.8/lto-wrapper
Target: x86_64-linux-gnu
Configured with: ../src/configure -v --with-pkgversion='Ubuntu 4.8.4-2ubuntu1~14.04' --with-bugurl=file:///usr/share/doc/gcc-4.8/README.Bugs --enable-languages=c,c++,java,go,d,fortran,objc,obj-c++ --prefix=/usr --program-suffix=-4.8 --enable-shared --enable-linker-build-id --libexecdir=/usr/lib --without-included-gettext --enable-threads=posix --with-gxx-include-dir=/usr/include/c++/4.8 --libdir=/usr/lib --enable-nls --with-sysroot=/ --enable-clocale=gnu --enable-libstdcxx-debug --enable-libstdcxx-time=yes --enable-gnu-unique-object --disable-libmudflap --enable-plugin --with-system-zlib --disable-browser-plugin --enable-java-awt=gtk --enable-gtk-cairo --with-java-home=/usr/lib/jvm/java-1.5.0-gcj-4.8-amd64/jre --enable-java-home --with-jvm-root-dir=/usr/lib/jvm/java-1.5.0-gcj-4.8-amd64 --with-jvm-jar-dir=/usr/lib/jvm-exports/java-1.5.0-gcj-4.8-amd64 --with-arch-directory=amd64 --with-ecj-jar=/usr/share/java/eclipse-ecj.jar --enable-objc-gc --enable-multiarch --disable-werror --with-arch-32=i686 --with-abi=m64 --with-multilib-list=m32,m64,mx32 --with-tune=generic --enable-checking=release --build=x86_64-linux-gnu --host=x86_64-linux-gnu --target=x86_64-linux-gnu
Thread model: posix
gcc version 4.8.4 (Ubuntu 4.8.4-2ubuntu1~14.04) 
COMPILER_PATH=/usr/lib/gcc/x86_64-linux-gnu/4.8/:/usr/lib/gcc/x86_64-linux-gnu/4.8/:/usr/lib/gcc/x86_64-linux-gnu/:/usr/lib/gcc/x86_64-linux-gnu/4.8/:/usr/lib/gcc/x86_64-linux-gnu/
LIBRARY_PATH=/usr/lib/gcc/x86_64-linux-gnu/4.8/:/usr/lib/gcc/x86_64-linux-gnu/4.8/../../../x86_64-linux-gnu/:/usr/lib/gcc/x86_64-linux-gnu/4.8/../../../../lib/:/lib/x86_64-linux-gnu/:/lib/../lib/:/usr/lib/x86_64-linux-gnu/:/usr/lib/../lib/:/usr/lib/gcc/x86_64-linux-gnu/4.8/../../../:/lib/:/usr/lib/
COLLECT_GCC_OPTIONS='-v' '-o' 'cmTC_546bd' '-rdynamic' '-shared-libgcc' '-mtune=generic' '-march=x86-64'
 /usr/lib/gcc/x86_64-linux-gnu/4.8/collect2 --sysroot=/ --build-id --eh-frame-hdr -m elf_x86_64 --hash-style=gnu --as-needed -export-dynamic -dynamic-linker /lib64/ld-linux-x86-64.so.2 -z relro -o cmTC_546bd /usr/lib/gcc/x86_64-linux-gnu/4.8/../../../x86_64-linux-gnu/crt1.o /usr/lib/gcc/x86_64-linux-gnu/4.8/../../../x86_64-linux-gnu/crti.o /usr/lib/gcc/x86_64-linux-gnu/4.8/crtbegin.o -L/usr/lib/gcc/x86_64-linux-gnu/4.8 -L/usr/lib/gcc/x86_64-linux-gnu/4.8/../../../x86_64-linux-gnu -L/usr/lib/gcc/x86_64-linux-gnu/4.8/../../../../lib -L/lib/x86_64-linux-gnu -L/lib/../lib -L/usr/lib/x86_64-linux-gnu -L/usr/lib/../lib -L/usr/lib/gcc/x86_64-linux-gnu/4.8/../../.. CMakeFiles/cmTC_546bd.dir/CMakeCXXCompilerABI.cpp.o -lstdc++ -lm -lgcc_s -lgcc -lc -lgcc_s -lgcc /usr/lib/gcc/x86_64-linux-gnu/4.8/crtend.o /usr/lib/gcc/x86_64-linux-gnu/4.8/../../../x86_64-linux-gnu/crtn.o
make[1]: Leaving directory `/home/hololab/workspace/Volvux/build/CMakeFiles/CMakeTmp'


Parsed CXX implicit link information from above output:
  link line regex: [^( *|.*[/\])(ld|([^/\]+-)?ld|collect2)[^/\]*( |$)]
  ignore line: [Change Dir: /home/hololab/workspace/Volvux/build/CMakeFiles/CMakeTmp]
  ignore line: []
  ignore line: [Run Build Command:"/usr/bin/make" "cmTC_546bd/fast"]
  ignore line: [/usr/bin/make -f CMakeFiles/cmTC_546bd.dir/build.make CMakeFiles/cmTC_546bd.dir/build]
  ignore line: [make[1]: Entering directory `/home/hololab/workspace/Volvux/build/CMakeFiles/CMakeTmp']
  ignore line: [Building CXX object CMakeFiles/cmTC_546bd.dir/CMakeCXXCompilerABI.cpp.o]
  ignore line: [/usr/bin/c++      -o CMakeFiles/cmTC_546bd.dir/CMakeCXXCompilerABI.cpp.o -c /usr/share/cmake-3.4.0-Linux-x86_64/share/cmake-3.4/Modules/CMakeCXXCompilerABI.cpp]
  ignore line: [Linking CXX executable cmTC_546bd]
  ignore line: [/usr/share/cmake-3.4.0-Linux-x86_64/bin/cmake -E cmake_link_script CMakeFiles/cmTC_546bd.dir/link.txt --verbose=1]
  ignore line: [/usr/bin/c++       -v CMakeFiles/cmTC_546bd.dir/CMakeCXXCompilerABI.cpp.o  -o cmTC_546bd -rdynamic  ]
  ignore line: [Using built-in specs.]
  ignore line: [COLLECT_GCC=/usr/bin/c++]
  ignore line: [COLLECT_LTO_WRAPPER=/usr/lib/gcc/x86_64-linux-gnu/4.8/lto-wrapper]
  ignore line: [Target: x86_64-linux-gnu]
  ignore line: [Configured with: ../src/configure -v --with-pkgversion='Ubuntu 4.8.4-2ubuntu1~14.04' --with-bugurl=file:///usr/share/doc/gcc-4.8/README.Bugs --enable-languages=c,c++,java,go,d,fortran,objc,obj-c++ --prefix=/usr --program-suffix=-4.8 --enable-shared --enable-linker-build-id --libexecdir=/usr/lib --without-included-gettext --enable-threads=posix --with-gxx-include-dir=/usr/include/c++/4.8 --libdir=/usr/lib --enable-nls --with-sysroot=/ --enable-clocale=gnu --enable-libstdcxx-debug --enable-libstdcxx-time=yes --enable-gnu-unique-object --disable-libmudflap --enable-plugin --with-system-zlib --disable-browser-plugin --enable-java-awt=gtk --enable-gtk-cairo --with-java-home=/usr/lib/jvm/java-1.5.0-gcj-4.8-amd64/jre --enable-java-home --with-jvm-root-dir=/usr/lib/jvm/java-1.5.0-gcj-4.8-amd64 --with-jvm-jar-dir=/usr/lib/jvm-exports/java-1.5.0-gcj-4.8-amd64 --with-arch-directory=amd64 --with-ecj-jar=/usr/share/java/eclipse-ecj.jar --enable-objc-gc --enable-multiarch --disable-werror --with-arch-32=i686 --with-abi=m64 --with-multilib-list=m32,m64,mx32 --with-tune=generic --enable-checking=release --build=x86_64-linux-gnu --host=x86_64-linux-gnu --target=x86_64-linux-gnu]
  ignore line: [Thread model: posix]
  ignore line: [gcc version 4.8.4 (Ubuntu 4.8.4-2ubuntu1~14.04) ]
  ignore line: [COMPILER_PATH=/usr/lib/gcc/x86_64-linux-gnu/4.8/:/usr/lib/gcc/x86_64-linux-gnu/4.8/:/usr/lib/gcc/x86_64-linux-gnu/:/usr/lib/gcc/x86_64-linux-gnu/4.8/:/usr/lib/gcc/x86_64-linux-gnu/]
  ignore line: [LIBRARY_PATH=/usr/lib/gcc/x86_64-linux-gnu/4.8/:/usr/lib/gcc/x86_64-linux-gnu/4.8/../../../x86_64-linux-gnu/:/usr/lib/gcc/x86_64-linux-gnu/4.8/../../../../lib/:/lib/x86_64-linux-gnu/:/lib/../lib/:/usr/lib/x86_64-linux-gnu/:/usr/lib/../lib/:/usr/lib/gcc/x86_64-linux-gnu/4.8/../../../:/lib/:/usr/lib/]
  ignore line: [COLLECT_GCC_OPTIONS='-v' '-o' 'cmTC_546bd' '-rdynamic' '-shared-libgcc' '-mtune=generic' '-march=x86-64']
  link line: [ /usr/lib/gcc/x86_64-linux-gnu/4.8/collect2 --sysroot=/ --build-id --eh-frame-hdr -m elf_x86_64 --hash-style=gnu --as-needed -export-dynamic -dynamic-linker /lib64/ld-linux-x86-64.so.2 -z relro -o cmTC_546bd /usr/lib/gcc/x86_64-linux-gnu/4.8/../../../x86_64-linux-gnu/crt1.o /usr/lib/gcc/x86_64-linux-gnu/4.8/../../../x86_64-linux-gnu/crti.o /usr/lib/gcc/x86_64-linux-gnu/4.8/crtbegin.o -L/usr/lib/gcc/x86_64-linux-gnu/4.8 -L/usr/lib/gcc/x86_64-linux-gnu/4.8/../../../x86_64-linux-gnu -L/usr/lib/gcc/x86_64-linux-gnu/4.8/../../../../lib -L/lib/x86_64-linux-gnu -L/lib/../lib -L/usr/lib/x86_64-linux-gnu -L/usr/lib/../lib -L/usr/lib/gcc/x86_64-linux-gnu/4.8/../../.. CMakeFiles/cmTC_546bd.dir/CMakeCXXCompilerABI.cpp.o -lstdc++ -lm -lgcc_s -lgcc -lc -lgcc_s -lgcc /usr/lib/gcc/x86_64-linux-gnu/4.8/crtend.o /usr/lib/gcc/x86_64-linux-gnu/4.8/../../../x86_64-linux-gnu/crtn.o]
    arg [/usr/lib/gcc/x86_64-linux-gnu/4.8/collect2] ==> ignore
    arg [--sysroot=/] ==> ignore
    arg [--build-id] ==> ignore
    arg [--eh-frame-hdr] ==> ignore
    arg [-m] ==> ignore
    arg [elf_x86_64] ==> ignore
    arg [--hash-style=gnu] ==> ignore
    arg [--as-needed] ==> ignore
    arg [-export-dynamic] ==> ignore
    arg [-dynamic-linker] ==> ignore
    arg [/lib64/ld-linux-x86-64.so.2] ==> ignore
    arg [-zrelro] ==> ignore
    arg [-o] ==> ignore
    arg [cmTC_546bd] ==> ignore
    arg [/usr/lib/gcc/x86_64-linux-gnu/4.8/../../../x86_64-linux-gnu/crt1.o] ==> ignore
    arg [/usr/lib/gcc/x86_64-linux-gnu/4.8/../../../x86_64-linux-gnu/crti.o] ==> ignore
    arg [/usr/lib/gcc/x86_64-linux-gnu/4.8/crtbegin.o] ==> ignore
    arg [-L/usr/lib/gcc/x86_64-linux-gnu/4.8] ==> dir [/usr/lib/gcc/x86_64-linux-gnu/4.8]
    arg [-L/usr/lib/gcc/x86_64-linux-gnu/4.8/../../../x86_64-linux-gnu] ==> dir [/usr/lib/gcc/x86_64-linux-gnu/4.8/../../../x86_64-linux-gnu]
    arg [-L/usr/lib/gcc/x86_64-linux-gnu/4.8/../../../../lib] ==> dir [/usr/lib/gcc/x86_64-linux-gnu/4.8/../../../../lib]
    arg [-L/lib/x86_64-linux-gnu] ==> dir [/lib/x86_64-linux-gnu]
    arg [-L/lib/../lib] ==> dir [/lib/../lib]
    arg [-L/usr/lib/x86_64-linux-gnu] ==> dir [/usr/lib/x86_64-linux-gnu]
    arg [-L/usr/lib/../lib] ==> dir [/usr/lib/../lib]
    arg [-L/usr/lib/gcc/x86_64-linux-gnu/4.8/../../..] ==> dir [/usr/lib/gcc/x86_64-linux-gnu/4.8/../../..]
    arg [CMakeFiles/cmTC_546bd.dir/CMakeCXXCompilerABI.cpp.o] ==> ignore
    arg [-lstdc++] ==> lib [stdc++]
    arg [-lm] ==> lib [m]
    arg [-lgcc_s] ==> lib [gcc_s]
    arg [-lgcc] ==> lib [gcc]
    arg [-lc] ==> lib [c]
    arg [-lgcc_s] ==> lib [gcc_s]
    arg [-lgcc] ==> lib [gcc]
    arg [/usr/lib/gcc/x86_64-linux-gnu/4.8/crtend.o] ==> ignore
    arg [/usr/lib/gcc/x86_64-linux-gnu/4.8/../../../x86_64-linux-gnu/crtn.o] ==> ignore
  remove lib [gcc_s]
  remove lib [gcc]
  remove lib [gcc_s]
  remove lib [gcc]
  collapse library dir [/usr/lib/gcc/x86_64-linux-gnu/4.8] ==> [/usr/lib/gcc/x86_64-linux-gnu/4.8]
  collapse library dir [/usr/lib/gcc/x86_64-linux-gnu/4.8/../../../x86_64-linux-gnu] ==> [/usr/lib/x86_64-linux-gnu]
  collapse library dir [/usr/lib/gcc/x86_64-linux-gnu/4.8/../../../../lib] ==> [/usr/lib]
  collapse library dir [/lib/x86_64-linux-gnu] ==> [/lib/x86_64-linux-gnu]
  collapse library dir [/lib/../lib] ==> [/lib]
  collapse library dir [/usr/lib/x86_64-linux-gnu] ==> [/usr/lib/x86_64-linux-gnu]
  collapse library dir [/usr/lib/../lib] ==> [/usr/lib]
  collapse library dir [/usr/lib/gcc/x86_64-linux-gnu/4.8/../../..] ==> [/usr/lib]
  implicit libs: [stdc++;m;c]
  implicit dirs: [/usr/lib/gcc/x86_64-linux-gnu/4.8;/usr/lib/x86_64-linux-gnu;/usr/lib;/lib/x86_64-linux-gnu;/lib]
  implicit fwks: []




Detecting CXX [-std=c++1y] compiler features compiled with the following output:
Change Dir: /home/hololab/workspace/Volvux/build/CMakeFiles/CMakeTmp

Run Build Command:"/usr/bin/make" "cmTC_3e2c9/fast"
/usr/bin/make -f CMakeFiles/cmTC_3e2c9.dir/build.make CMakeFiles/cmTC_3e2c9.dir/build
make[1]: Entering directory `/home/hololab/workspace/Volvux/build/CMakeFiles/CMakeTmp'
Building CXX object CMakeFiles/cmTC_3e2c9.dir/feature_tests.cxx.o
/usr/bin/c++     -std=c++1y -o CMakeFiles/cmTC_3e2c9.dir/feature_tests.cxx.o -c /home/hololab/workspace/Volvux/build/CMakeFiles/feature_tests.cxx
Linking CXX executable cmTC_3e2c9
/usr/share/cmake-3.4.0-Linux-x86_64/bin/cmake -E cmake_link_script CMakeFiles/cmTC_3e2c9.dir/link.txt --verbose=1
/usr/bin/c++        CMakeFiles/cmTC_3e2c9.dir/feature_tests.cxx.o  -o cmTC_3e2c9 -rdynamic 
make[1]: Leaving directory `/home/hololab/workspace/Volvux/build/CMakeFiles/CMakeTmp'


    Feature record: CXX_FEATURE:0cxx_aggregate_default_initializers
    Feature record: CXX_FEATURE:1cxx_alias_templates
    Feature record: CXX_FEATURE:1cxx_alignas
    Feature record: CXX_FEATURE:1cxx_alignof
    Feature record: CXX_FEATURE:1cxx_attributes
    Feature record: CXX_FEATURE:0cxx_attribute_deprecated
    Feature record: CXX_FEATURE:1cxx_auto_type
    Feature record: CXX_FEATURE:0cxx_binary_literals
    Feature record: CXX_FEATURE:1cxx_constexpr
    Feature record: CXX_FEATURE:0cxx_contextual_conversions
    Feature record: CXX_FEATURE:1cxx_decltype
    Feature record: CXX_FEATURE:0cxx_decltype_auto
    Feature record: CXX_FEATURE:1cxx_decltype_incomplete_return_types
    Feature record: CXX_FEATURE:1cxx_default_function_template_args
    Feature record: CXX_FEATURE:1cxx_defaulted_functions
    Feature record: CXX_FEATURE:1cxx_defaulted_move_initializers
    Feature record: CXX_FEATURE:1cxx_delegating_constructors
    Feature record: CXX_FEATURE:1cxx_deleted_functions
    Feature record: CXX_FEATURE:0cxx_digit_separators
    Feature record: CXX_FEATURE:1cxx_enum_forward_declarations
    Feature record: CXX_FEATURE:1cxx_explicit_conversions
    Feature record: CXX_FEATURE:1cxx_extended_friend_declarations
    Feature record: CXX_FEATURE:1cxx_extern_templates
    Feature record: CXX_FEATURE:1cxx_final
    Feature record: CXX_FEATURE:1cxx_func_identifier
    Feature record: CXX_FEATURE:1cxx_generalized_initializers
    Feature record: CXX_FEATURE:0cxx_generic_lambdas
    Feature record: CXX_FEATURE:1cxx_inheriting_constructors
    Feature record: CXX_FEATURE:1cxx_inline_namespaces
    Feature record: CXX_FEATURE:1cxx_lambdas
    Feature record: CXX_FEATURE:0cxx_lambda_init_captures
    Feature record: CXX_FEATURE:1cxx_local_type_template_args
    Feature record: CXX_FEATURE:1cxx_long_long_type
    Feature record: CXX_FEATURE:1cxx_noexcept
    Feature record: CXX_FEATURE:1cxx_nonstatic_member_init
    Feature record: CXX_FEATURE:1cxx_nullptr
    Feature record: CXX_FEATURE:1cxx_override
    Feature record: CXX_FEATURE:1cxx_range_for
    Feature record: CXX_FEATURE:1cxx_raw_string_literals
    Feature record: CXX_FEATURE:1cxx_reference_qualified_functions
    Feature record: CXX_FEATURE:0cxx_relaxed_constexpr
    Feature record: CXX_FEATURE:0cxx_return_type_deduction
    Feature record: CXX_FEATURE:1cxx_right_angle_brackets
    Feature record: CXX_FEATURE:1cxx_rvalue_references
    Feature record: CXX_FEATURE:1cxx_sizeof_member
    Feature record: CXX_FEATURE:1cxx_static_assert
    Feature record: CXX_FEATURE:1cxx_strong_enums
    Feature record: CXX_FEATURE:1cxx_template_template_parameters
    Feature record: CXX_FEATURE:1cxx_thread_local
    Feature record: CXX_FEATURE:1cxx_trailing_return_types
    Feature record: CXX_FEATURE:1cxx_unicode_literals
    Feature record: CXX_FEATURE:1cxx_uniform_initialization
    Feature record: CXX_FEATURE:1cxx_unrestricted_unions
    Feature record: CXX_FEATURE:1cxx_user_literals
    Feature record: CXX_FEATURE:0cxx_variable_templates
    Feature record: CXX_FEATURE:1cxx_variadic_macros
    Feature record: CXX_FEATURE:1cxx_variadic_templates


Detecting CXX [-std=c++11] compiler features compiled with the following output:
Change Dir: /home/hololab/workspace/Volvux/build/CMakeFiles/CMakeTmp

Run Build Command:"/usr/bin/make" "cmTC_2927d/fast"
/usr/bin/make -f CMakeFiles/cmTC_2927d.dir/build.make CMakeFiles/cmTC_2927d.dir/build
make[1]: Entering directory `/home/hololab/workspace/Volvux/build/CMakeFiles/CMakeTmp'
Building CXX object CMakeFiles/cmTC_2927d.dir/feature_tests.cxx.o
/usr/bin/c++     -std=c++11 -o CMakeFiles/cmTC_2927d.dir/feature_tests.cxx.o -c /home/hololab/workspace/Volvux/build/CMakeFiles/feature_tests.cxx
Linking CXX executable cmTC_2927d
/usr/share/cmake-3.4.0-Linux-x86_64/bin/cmake -E cmake_link_script CMakeFiles/cmTC_2927d.dir/link.txt --verbose=1
/usr/bin/c++        CMakeFiles/cmTC_2927d.dir/feature_tests.cxx.o  -o cmTC_2927d -rdynamic 
make[1]: Leaving directory `/home/hololab/workspace/Volvux/build/CMakeFiles/CMakeTmp'


    Feature record: CXX_FEATURE:0cxx_aggregate_default_initializers
    Feature record: CXX_FEATURE:1cxx_alias_templates
    Feature record: CXX_FEATURE:1cxx_alignas
    Feature record: CXX_FEATURE:1cxx_alignof
    Feature record: CXX_FEATURE:1cxx_attributes
    Feature record: CXX_FEATURE:0cxx_attribute_deprecated
    Feature record: CXX_FEATURE:1cxx_auto_type
    Feature record: CXX_FEATURE:0cxx_binary_literals
    Feature record: CXX_FEATURE:1cxx_constexpr
    Feature record: CXX_FEATURE:0cxx_contextual_conversions
    Feature record: CXX_FEATURE:1cxx_decltype
    Feature record: CXX_FEATURE:0cxx_decltype_auto
    Feature record: CXX_FEATURE:1cxx_decltype_incomplete_return_types
    Feature record: CXX_FEATURE:1cxx_default_function_template_args
    Feature record: CXX_FEATURE:1cxx_defaulted_functions
    Feature record: CXX_FEATURE:1cxx_defaulted_move_initializers
    Feature record: CXX_FEATURE:1cxx_delegating_constructors
    Feature record: CXX_FEATURE:1cxx_deleted_functions
    Feature record: CXX_FEATURE:0cxx_digit_separators
    Feature record: CXX_FEATURE:1cxx_enum_forward_declarations
    Feature record: CXX_FEATURE:1cxx_explicit_conversions
    Feature record: CXX_FEATURE:1cxx_extended_friend_declarations
    Feature record: CXX_FEATURE:1cxx_extern_templates
    Feature record: CXX_FEATURE:1cxx_final
    Feature record: CXX_FEATURE:1cxx_func_identifier
    Feature record: CXX_FEATURE:1cxx_generalized_initializers
    Feature record: CXX_FEATURE:0cxx_generic_lambdas
    Feature record: CXX_FEATURE:1cxx_inheriting_constructors
    Feature record: CXX_FEATURE:1cxx_inline_namespaces
    Feature record: CXX_FEATURE:1cxx_lambdas
    Feature record: CXX_FEATURE:0cxx_lambda_init_captures
    Feature record: CXX_FEATURE:1cxx_local_type_template_args
    Feature record: CXX_FEATURE:1cxx_long_long_type
    Feature record: CXX_FEATURE:1cxx_noexcept
    Feature record: CXX_FEATURE:1cxx_nonstatic_member_init
    Feature record: CXX_FEATURE:1cxx_nullptr
    Feature record: CXX_FEATURE:1cxx_override
    Feature record: CXX_FEATURE:1cxx_range_for
    Feature record: CXX_FEATURE:1cxx_raw_string_literals
    Feature record: CXX_FEATURE:1cxx_reference_qualified_functions
    Feature record: CXX_FEATURE:0cxx_relaxed_constexpr
    Feature record: CXX_FEATURE:0cxx_return_type_deduction
    Feature record: CXX_FEATURE:1cxx_right_angle_brackets
    Feature record: CXX_FEATURE:1cxx_rvalue_references
    Feature record: CXX_FEATURE:1cxx_sizeof_member
    Feature record: CXX_FEATURE:1cxx_static_assert
    Feature record: CXX_FEATURE:1cxx_strong_enums
    Feature record: CXX_FEATURE:1cxx_template_template_parameters
    Feature record: CXX_FEATURE:1cxx_thread_local
    Feature record: CXX_FEATURE:1cxx_trailing_return_types
    Feature record: CXX_FEATURE:1cxx_unicode_literals
    Feature record: CXX_FEATURE:1cxx_uniform_initialization
    Feature record: CXX_FEATURE:1cxx_unrestricted_unions
    Feature record: CXX_FEATURE:1cxx_user_literals
    Feature record: CXX_FEATURE:0cxx_variable_templates
    Feature record: CXX_FEATURE:1cxx_variadic_macros
    Feature record: CXX_FEATURE:1cxx_variadic_templates


Detecting CXX [-std=c++98] compiler features compiled with the following output:
Change Dir: /home/hololab/workspace/Volvux/build/CMakeFiles/CMakeTmp

Run Build Command:"/usr/bin/make" "cmTC_4c41c/fast"
/usr/bin/make -f CMakeFiles/cmTC_4c41c.dir/build.make CMakeFiles/cmTC_4c41c.dir/build
make[1]: Entering directory `/home/hololab/workspace/Volvux/build/CMakeFiles/CMakeTmp'
Building CXX object CMakeFiles/cmTC_4c41c.dir/feature_tests.cxx.o
/usr/bin/c++     -std=c++98 -o CMakeFiles/cmTC_4c41c.dir/feature_tests.cxx.o -c /home/hololab/workspace/Volvux/build/CMakeFiles/feature_tests.cxx
Linking CXX executable cmTC_4c41c
/usr/share/cmake-3.4.0-Linux-x86_64/bin/cmake -E cmake_link_script CMakeFiles/cmTC_4c41c.dir/link.txt --verbose=1
/usr/bin/c++        CMakeFiles/cmTC_4c41c.dir/feature_tests.cxx.o  -o cmTC_4c41c -rdynamic 
make[1]: Leaving directory `/home/hololab/workspace/Volvux/build/CMakeFiles/CMakeTmp'


    Feature record: CXX_FEATURE:0cxx_aggregate_default_initializers
    Feature record: CXX_FEATURE:0cxx_alias_templates
    Feature record: CXX_FEATURE:0cxx_alignas
    Feature record: CXX_FEATURE:0cxx_alignof
    Feature record: CXX_FEATURE:0cxx_attributes
    Feature record: CXX_FEATURE:0cxx_attribute_deprecated
    Feature record: CXX_FEATURE:0cxx_auto_type
    Feature record: CXX_FEATURE:0cxx_binary_literals
    Feature record: CXX_FEATURE:0cxx_constexpr
    Feature record: CXX_FEATURE:0cxx_contextual_conversions
    Feature record: CXX_FEATURE:0cxx_decltype
    Feature record: CXX_FEATURE:0cxx_decltype_auto
    Feature record: CXX_FEATURE:0cxx_decltype_incomplete_return_types
    Feature record: CXX_FEATURE:0cxx_default_function_template_args
    Feature record: CXX_FEATURE:0cxx_defaulted_functions
    Feature record: CXX_FEATURE:0cxx_defaulted_move_initializers
    Feature record: CXX_FEATURE:0cxx_delegating_constructors
    Feature record: CXX_FEATURE:0cxx_deleted_functions
    Feature record: CXX_FEATURE:0cxx_digit_separators
    Feature record: CXX_FEATURE:0cxx_enum_forward_declarations
    Feature record: CXX_FEATURE:0cxx_explicit_conversions
    Feature record: CXX_FEATURE:0cxx_extended_friend_declarations
    Feature record: CXX_FEATURE:0cxx_extern_templates
    Feature record: CXX_FEATURE:0cxx_final
    Feature record: CXX_FEATURE:0cxx_func_identifier
    Feature record: CXX_FEATURE:0cxx_generalized_initializers
    Feature record: CXX_FEATURE:0cxx_generic_lambdas
    Feature record: CXX_FEATURE:0cxx_inheriting_constructors
    Feature record: CXX_FEATURE:0cxx_inline_namespaces
    Feature record: CXX_FEATURE:0cxx_lambdas
    Feature record: CXX_FEATURE:0cxx_lambda_init_captures
    Feature record: CXX_FEATURE:0cxx_local_type_template_args
    Feature record: CXX_FEATURE:0cxx_long_long_type
    Feature record: CXX_FEATURE:0cxx_noexcept
    Feature record: CXX_FEATURE:0cxx_nonstatic_member_init
    Feature record: CXX_FEATURE:0cxx_nullptr
    Feature record: CXX_FEATURE:0cxx_override
    Feature record: CXX_FEATURE:0cxx_range_for
    Feature record: CXX_FEATURE:0cxx_raw_string_literals
    Feature record: CXX_FEATURE:0cxx_reference_qualified_functions
    Feature record: CXX_FEATURE:0cxx_relaxed_constexpr
    Feature record: CXX_FEATURE:0cxx_return_type_deduction
    Feature record: CXX_FEATURE:0cxx_right_angle_brackets
    Feature record: CXX_FEATURE:0cxx_rvalue_references
    Feature record: CXX_FEATURE:0cxx_sizeof_member
    Feature record: CXX_FEATURE:0cxx_static_assert
    Feature record: CXX_FEATURE:0cxx_strong_enums
    Feature record: CXX_FEATURE:1cxx_template_template_parameters
    Feature record: CXX_FEATURE:0cxx_thread_local
    Feature record: CXX_FEATURE:0cxx_trailing_return_types
    Feature record: CXX_FEATURE:0cxx_unicode_literals
    Feature record: CXX_FEATURE:0cxx_uniform_initialization
    Feature record: CXX_FEATURE:0cxx_unrestricted_unions
    Feature record: CXX_FEATURE:0cxx_user_literals
    Feature record: CXX_FEATURE:0cxx_variable_templates
    Feature record: CXX_FEATURE:0cxx_variadic_macros
    Feature record: CXX_FEATURE:0cxx_variadic_templates
Determining if the function XOpenDisplay exists in the /usr/lib/x86_64-linux-gnu/libX11.so;/usr/lib/x86_64-linux-gnu/libXext.so passed with the following output:
Change Dir: /home/hololab/workspace/Volvux/build/CMakeFiles/CMakeTmp

Run Build Command:"/usr/bin/make" "cmTC_d7e2c/fast"
/usr/bin/make -f CMakeFiles/cmTC_d7e2c.dir/build.make CMakeFiles/cmTC_d7e2c.dir/build
make[1]: Entering directory `/home/hololab/workspace/Volvux/build/CMakeFiles/CMakeTmp'
Building C object CMakeFiles/cmTC_d7e2c.dir/CheckFunctionExists.c.o
/usr/bin/cc    -DCHECK_FUNCTION_EXISTS=XOpenDisplay   -o CMakeFiles/cmTC_d7e2c.dir/CheckFunctionExists.c.o   -c /usr/share/cmake-3.4.0-Linux-x86_64/share/cmake-3.4/Modules/CheckFunctionExists.c
Linking C executable cmTC_d7e2c
/usr/share/cmake-3.4.0-Linux-x86_64/bin/cmake -E cmake_link_script CMakeFiles/cmTC_d7e2c.dir/link.txt --verbose=1
/usr/bin/cc   -DCHECK_FUNCTION_EXISTS=XOpenDisplay    CMakeFiles/cmTC_d7e2c.dir/CheckFunctionExists.c.o  -o cmTC_d7e2c -rdynamic /usr/lib/x86_64-linux-gnu/libX11.so /usr/lib/x86_64-linux-gnu/libXext.so 
make[1]: Leaving directory `/home/hololab/workspace/Volvux/build/CMakeFiles/CMakeTmp'


Determining if the function gethostbyname exists passed with the following output:
Change Dir: /home/hololab/workspace/Volvux/build/CMakeFiles/CMakeTmp

Run Build Command:"/usr/bin/make" "cmTC_b6bb7/fast"
/usr/bin/make -f CMakeFiles/cmTC_b6bb7.dir/build.make CMakeFiles/cmTC_b6bb7.dir/build
make[1]: Entering directory `/home/hololab/workspace/Volvux/build/CMakeFiles/CMakeTmp'
Building C object CMakeFiles/cmTC_b6bb7.dir/CheckFunctionExists.c.o
/usr/bin/cc    -DCHECK_FUNCTION_EXISTS=gethostbyname   -o CMakeFiles/cmTC_b6bb7.dir/CheckFunctionExists.c.o   -c /usr/share/cmake-3.4.0-Linux-x86_64/share/cmake-3.4/Modules/CheckFunctionExists.c
Linking C executable cmTC_b6bb7
/usr/share/cmake-3.4.0-Linux-x86_64/bin/cmake -E cmake_link_script CMakeFiles/cmTC_b6bb7.dir/link.txt --verbose=1
/usr/bin/cc   -DCHECK_FUNCTION_EXISTS=gethostbyname    CMakeFiles/cmTC_b6bb7.dir/CheckFunctionExists.c.o  -o cmTC_b6bb7 -rdynamic 
make[1]: Leaving directory `/home/hololab/workspace/Volvux/build/CMakeFiles/CMakeTmp'


Determining if the function connect exists passed with the following output:
Change Dir: /home/hololab/workspace/Volvux/build/CMakeFiles/CMakeTmp

Run Build Command:"/usr/bin/make" "cmTC_40c0f/fast"
/usr/bin/make -f CMakeFiles/cmTC_40c0f.dir/build.make CMakeFiles/cmTC_40c0f.dir/build
make[1]: Entering directory `/home/hololab/workspace/Volvux/build/CMakeFiles/CMakeTmp'
Building C object CMakeFiles/cmTC_40c0f.dir/CheckFunctionExists.c.o
/usr/bin/cc    -DCHECK_FUNCTION_EXISTS=connect   -o CMakeFiles/cmTC_40c0f.dir/CheckFunctionExists.c.o   -c /usr/share/cmake-3.4.0-Linux-x86_64/share/cmake-3.4/Modules/CheckFunctionExists.c
Linking C executable cmTC_40c0f
/usr/share/cmake-3.4.0-Linux-x86_64/bin/cmake -E cmake_link_script CMakeFiles/cmTC_40c0f.dir/link.txt --verbose=1
/usr/bin/cc   -DCHECK_FUNCTION_EXISTS=connect    CMakeFiles/cmTC_40c0f.dir/CheckFunctionExists.c.o  -o cmTC_40c0f -rdynamic 
make[1]: Leaving directory `/home/hololab/workspace/Volvux/build/CMakeFiles/CMakeTmp'


Determining if the function remove exists passed with the following output:
Change Dir: /home/hololab/workspace/Volvux/build/CMakeFiles/CMakeTmp

Run Build Command:"/usr/bin/make" "cmTC_a5614/fast"
/usr/bin/make -f CMakeFiles/cmTC_a5614.dir/build.make CMakeFiles/cmTC_a5614.dir/build
make[1]: Entering directory `/home/hololab/workspace/Volvux/build/CMakeFiles/CMakeTmp'
Building C object CMakeFiles/cmTC_a5614.dir/CheckFunctionExists.c.o
/usr/bin/cc    -DCHECK_FUNCTION_EXISTS=remove   -o CMakeFiles/cmTC_a5614.dir/CheckFunctionExists.c.o   -c /usr/share/cmake-3.4.0-Linux-x86_64/share/cmake-3.4/Modules/CheckFunctionExists.c
Linking C executable cmTC_a5614
/usr/share/cmake-3.4.0-Linux-x86_64/bin/cmake -E cmake_link_script CMakeFiles/cmTC_a5614.dir/link.txt --verbose=1
/usr/bin/cc   -DCHECK_FUNCTION_EXISTS=remove    CMakeFiles/cmTC_a5614.dir/CheckFunctionExists.c.o  -o cmTC_a5614 -rdynamic 
make[1]: Leaving directory `/home/hololab/workspace/Volvux/build/CMakeFiles/CMakeTmp'


Determining if the function shmat exists passed with the following output:
Change Dir: /home/hololab/workspace/Volvux/build/CMakeFiles/CMakeTmp

Run Build Command:"/usr/bin/make" "cmTC_27824/fast"
/usr/bin/make -f CMakeFiles/cmTC_27824.dir/build.make CMakeFiles/cmTC_27824.dir/build
make[1]: Entering directory `/home/hololab/workspace/Volvux/build/CMakeFiles/CMakeTmp'
Building C object CMakeFiles/cmTC_27824.dir/CheckFunctionExists.c.o
/usr/bin/cc    -DCHECK_FUNCTION_EXISTS=shmat   -o CMakeFiles/cmTC_27824.dir/CheckFunctionExists.c.o   -c /usr/share/cmake-3.4.0-Linux-x86_64/share/cmake-3.4/Modules/CheckFunctionExists.c
Linking C executable cmTC_27824
/usr/share/cmake-3.4.0-Linux-x86_64/bin/cmake -E cmake_link_script CMakeFiles/cmTC_27824.dir/link.txt --verbose=1
/usr/bin/cc   -DCHECK_FUNCTION_EXISTS=shmat    CMakeFiles/cmTC_27824.dir/CheckFunctionExists.c.o  -o cmTC_27824 -rdynamic 
make[1]: Leaving directory `/home/hololab/workspace/Volvux/build/CMakeFiles/CMakeTmp'


Determining if the function IceConnectionNumber exists in the ICE passed with the following output:
Change Dir: /home/hololab/workspace/Volvux/build/CMakeFiles/CMakeTmp

Run Build Command:"/usr/bin/make" "cmTC_657ea/fast"
/usr/bin/make -f CMakeFiles/cmTC_657ea.dir/build.make CMakeFiles/cmTC_657ea.dir/build
make[1]: Entering directory `/home/hololab/workspace/Volvux/build/CMakeFiles/CMakeTmp'
Building C object CMakeFiles/cmTC_657ea.dir/CheckFunctionExists.c.o
/usr/bin/cc    -DCHECK_FUNCTION_EXISTS=IceConnectionNumber   -o CMakeFiles/cmTC_657ea.dir/CheckFunctionExists.c.o   -c /usr/share/cmake-3.4.0-Linux-x86_64/share/cmake-3.4/Modules/CheckFunctionExists.c
Linking C executable cmTC_657ea
/usr/share/cmake-3.4.0-Linux-x86_64/bin/cmake -E cmake_link_script CMakeFiles/cmTC_657ea.dir/link.txt --verbose=1
/usr/bin/cc   -DCHECK_FUNCTION_EXISTS=IceConnectionNumber    CMakeFiles/cmTC_657ea.dir/CheckFunctionExists.c.o  -o cmTC_657ea -rdynamic -lICE 
make[1]: Leaving directory `/home/hololab/workspace/Volvux/build/CMakeFiles/CMakeTmp'


Determining if the include file pthread.h exists passed with the following output:
Change Dir: /home/hololab/workspace/Volvux/build/CMakeFiles/CMakeTmp

Run Build Command:"/usr/bin/make" "cmTC_04b66/fast"
/usr/bin/make -f CMakeFiles/cmTC_04b66.dir/build.make CMakeFiles/cmTC_04b66.dir/build
make[1]: Entering directory `/home/hololab/workspace/Volvux/build/CMakeFiles/CMakeTmp'
Building C object CMakeFiles/cmTC_04b66.dir/CheckIncludeFile.c.o
/usr/bin/cc     -o CMakeFiles/cmTC_04b66.dir/CheckIncludeFile.c.o   -c /home/hololab/workspace/Volvux/build/CMakeFiles/CMakeTmp/CheckIncludeFile.c
Linking C executable cmTC_04b66
/usr/share/cmake-3.4.0-Linux-x86_64/bin/cmake -E cmake_link_script CMakeFiles/cmTC_04b66.dir/link.txt --verbose=1
/usr/bin/cc       CMakeFiles/cmTC_04b66.dir/CheckIncludeFile.c.o  -o cmTC_04b66 -rdynamic 
make[1]: Leaving directory `/home/hololab/workspace/Volvux/build/CMakeFiles/CMakeTmp'


Determining if the function pthread_create exists in the pthread passed with the following output:
Change Dir: /home/hololab/workspace/Volvux/build/CMakeFiles/CMakeTmp

Run Build Command:"/usr/bin/make" "cmTC_78738/fast"
/usr/bin/make -f CMakeFiles/cmTC_78738.dir/build.make CMakeFiles/cmTC_78738.dir/build
make[1]: Entering directory `/home/hololab/workspace/Volvux/build/CMakeFiles/CMakeTmp'
Building C object CMakeFiles/cmTC_78738.dir/CheckFunctionExists.c.o
/usr/bin/cc    -DCHECK_FUNCTION_EXISTS=pthread_create   -o CMakeFiles/cmTC_78738.dir/CheckFunctionExists.c.o   -c /usr/share/cmake-3.4.0-Linux-x86_64/share/cmake-3.4/Modules/CheckFunctionExists.c
Linking C executable cmTC_78738
/usr/share/cmake-3.4.0-Linux-x86_64/bin/cmake -E cmake_link_script CMakeFiles/cmTC_78738.dir/link.txt --verbose=1
/usr/bin/cc   -DCHECK_FUNCTION_EXISTS=pthread_create    CMakeFiles/cmTC_78738.dir/CheckFunctionExists.c.o  -o cmTC_78738 -rdynamic -lpthread 
make[1]: Leaving directory `/home/hololab/workspace/Volvux/build/CMakeFiles/CMakeTmp'


Determining if files /usr/include/X11/extensions/XInput2.h exist passed with the following output:
Change Dir: /home/hololab/workspace/Volvux/build/CMakeFiles/CMakeTmp

Run Build Command:"/usr/bin/make" "cmTC_f1662/fast"
/usr/bin/make -f CMakeFiles/cmTC_f1662.dir/build.make CMakeFiles/cmTC_f1662.dir/build
make[1]: Entering directory `/home/hololab/workspace/Volvux/build/CMakeFiles/CMakeTmp'
Building C object CMakeFiles/cmTC_f1662.dir/CheckIncludeFiles.c.o
/usr/bin/cc    -Wall -pedantic    -o CMakeFiles/cmTC_f1662.dir/CheckIncludeFiles.c.o   -c /home/hololab/workspace/Volvux/build/CMakeFiles/CMakeTmp/CheckIncludeFiles.c
Linking C executable cmTC_f1662
/usr/share/cmake-3.4.0-Linux-x86_64/bin/cmake -E cmake_link_script CMakeFiles/cmTC_f1662.dir/link.txt --verbose=1
/usr/bin/cc   -Wall -pedantic     CMakeFiles/cmTC_f1662.dir/CheckIncludeFiles.c.o  -o cmTC_f1662 -rdynamic 
make[1]: Leaving directory `/home/hololab/workspace/Volvux/build/CMakeFiles/CMakeTmp'


Determining if files sys/types.h exist passed with the following output:
Change Dir: /home/hololab/workspace/Volvux/build/CMakeFiles/CMakeTmp

Run Build Command:"/usr/bin/make" "cmTC_b7ddc/fast"
/usr/bin/make -f CMakeFiles/cmTC_b7ddc.dir/build.make CMakeFiles/cmTC_b7ddc.dir/build
make[1]: Entering directory `/home/hololab/workspace/Volvux/build/CMakeFiles/CMakeTmp'
Building C object CMakeFiles/cmTC_b7ddc.dir/CheckIncludeFiles.c.o
/usr/bin/cc    -Wall -pedantic    -o CMakeFiles/cmTC_b7ddc.dir/CheckIncludeFiles.c.o   -c /home/hololab/workspace/Volvux/build/CMakeFiles/CMakeTmp/CheckIncludeFiles.c
Linking C executable cmTC_b7ddc
/usr/share/cmake-3.4.0-Linux-x86_64/bin/cmake -E cmake_link_script CMakeFiles/cmTC_b7ddc.dir/link.txt --verbose=1
/usr/bin/cc   -Wall -pedantic     CMakeFiles/cmTC_b7ddc.dir/CheckIncludeFiles.c.o  -o cmTC_b7ddc -rdynamic 
make[1]: Leaving directory `/home/hololab/workspace/Volvux/build/CMakeFiles/CMakeTmp'


Determining if files unistd.h exist passed with the following output:
Change Dir: /home/hololab/workspace/Volvux/build/CMakeFiles/CMakeTmp

Run Build Command:"/usr/bin/make" "cmTC_398fa/fast"
/usr/bin/make -f CMakeFiles/cmTC_398fa.dir/build.make CMakeFiles/cmTC_398fa.dir/build
make[1]: Entering directory `/home/hololab/workspace/Volvux/build/CMakeFiles/CMakeTmp'
Building C object CMakeFiles/cmTC_398fa.dir/CheckIncludeFiles.c.o
/usr/bin/cc    -Wall -pedantic    -o CMakeFiles/cmTC_398fa.dir/CheckIncludeFiles.c.o   -c /home/hololab/workspace/Volvux/build/CMakeFiles/CMakeTmp/CheckIncludeFiles.c
Linking C executable cmTC_398fa
/usr/share/cmake-3.4.0-Linux-x86_64/bin/cmake -E cmake_link_script CMakeFiles/cmTC_398fa.dir/link.txt --verbose=1
/usr/bin/cc   -Wall -pedantic     CMakeFiles/cmTC_398fa.dir/CheckIncludeFiles.c.o  -o cmTC_398fa -rdynamic 
make[1]: Leaving directory `/home/hololab/workspace/Volvux/build/CMakeFiles/CMakeTmp'


Determining if files sys/time.h exist passed with the following output:
Change Dir: /home/hololab/workspace/Volvux/build/CMakeFiles/CMakeTmp

Run Build Command:"/usr/bin/make" "cmTC_5d2aa/fast"
/usr/bin/make -f CMakeFiles/cmTC_5d2aa.dir/build.make CMakeFiles/cmTC_5d2aa.dir/build
make[1]: Entering directory `/home/hololab/workspace/Volvux/build/CMakeFiles/CMakeTmp'
Building C object CMakeFiles/cmTC_5d2aa.dir/CheckIncludeFiles.c.o
/usr/bin/cc    -Wall -pedantic    -o CMakeFiles/cmTC_5d2aa.dir/CheckIncludeFiles.c.o   -c /home/hololab/workspace/Volvux/build/CMakeFiles/CMakeTmp/CheckIncludeFiles.c
Linking C executable cmTC_5d2aa
/usr/share/cmake-3.4.0-Linux-x86_64/bin/cmake -E cmake_link_script CMakeFiles/cmTC_5d2aa.dir/link.txt --verbose=1
/usr/bin/cc   -Wall -pedantic     CMakeFiles/cmTC_5d2aa.dir/CheckIncludeFiles.c.o  -o cmTC_5d2aa -rdynamic 
make[1]: Leaving directory `/home/hololab/workspace/Volvux/build/CMakeFiles/CMakeTmp'


Determining if files stdbool.h exist passed with the following output:
Change Dir: /home/hololab/workspace/Volvux/build/CMakeFiles/CMakeTmp

Run Build Command:"/usr/bin/make" "cmTC_acdc8/fast"
/usr/bin/make -f CMakeFiles/cmTC_acdc8.dir/build.make CMakeFiles/cmTC_acdc8.dir/build
make[1]: Entering directory `/home/hololab/workspace/Volvux/build/CMakeFiles/CMakeTmp'
Building C object CMakeFiles/cmTC_acdc8.dir/CheckIncludeFiles.c.o
/usr/bin/cc    -Wall -pedantic    -o CMakeFiles/cmTC_acdc8.dir/CheckIncludeFiles.c.o   -c /home/hololab/workspace/Volvux/build/CMakeFiles/CMakeTmp/CheckIncludeFiles.c
Linking C executable cmTC_acdc8
/usr/share/cmake-3.4.0-Linux-x86_64/bin/cmake -E cmake_link_script CMakeFiles/cmTC_acdc8.dir/link.txt --verbose=1
/usr/bin/cc   -Wall -pedantic     CMakeFiles/cmTC_acdc8.dir/CheckIncludeFiles.c.o  -o cmTC_acdc8 -rdynamic 
make[1]: Leaving directory `/home/hololab/workspace/Volvux/build/CMakeFiles/CMakeTmp'


Determining if files sys/param.h exist passed with the following output:
Change Dir: /home/hololab/workspace/Volvux/build/CMakeFiles/CMakeTmp

Run Build Command:"/usr/bin/make" "cmTC_0d9a9/fast"
/usr/bin/make -f CMakeFiles/cmTC_0d9a9.dir/build.make CMakeFiles/cmTC_0d9a9.dir/build
make[1]: Entering directory `/home/hololab/workspace/Volvux/build/CMakeFiles/CMakeTmp'
Building C object CMakeFiles/cmTC_0d9a9.dir/CheckIncludeFiles.c.o
/usr/bin/cc    -Wall -pedantic    -o CMakeFiles/cmTC_0d9a9.dir/CheckIncludeFiles.c.o   -c /home/hololab/workspace/Volvux/build/CMakeFiles/CMakeTmp/CheckIncludeFiles.c
Linking C executable cmTC_0d9a9
/usr/share/cmake-3.4.0-Linux-x86_64/bin/cmake -E cmake_link_script CMakeFiles/cmTC_0d9a9.dir/link.txt --verbose=1
/usr/bin/cc   -Wall -pedantic     CMakeFiles/cmTC_0d9a9.dir/CheckIncludeFiles.c.o  -o cmTC_0d9a9 -rdynamic 
make[1]: Leaving directory `/home/hololab/workspace/Volvux/build/CMakeFiles/CMakeTmp'


Determining if files sys/ioctl.h exist passed with the following output:
Change Dir: /home/hololab/workspace/Volvux/build/CMakeFiles/CMakeTmp

Run Build Command:"/usr/bin/make" "cmTC_730a6/fast"
/usr/bin/make -f CMakeFiles/cmTC_730a6.dir/build.make CMakeFiles/cmTC_730a6.dir/build
make[1]: Entering directory `/home/hololab/workspace/Volvux/build/CMakeFiles/CMakeTmp'
Building C object CMakeFiles/cmTC_730a6.dir/CheckIncludeFiles.c.o
/usr/bin/cc    -Wall -pedantic    -o CMakeFiles/cmTC_730a6.dir/CheckIncludeFiles.c.o   -c /home/hololab/workspace/Volvux/build/CMakeFiles/CMakeTmp/CheckIncludeFiles.c
Linking C executable cmTC_730a6
/usr/share/cmake-3.4.0-Linux-x86_64/bin/cmake -E cmake_link_script CMakeFiles/cmTC_730a6.dir/link.txt --verbose=1
/usr/bin/cc   -Wall -pedantic     CMakeFiles/cmTC_730a6.dir/CheckIncludeFiles.c.o  -o cmTC_730a6 -rdynamic 
make[1]: Leaving directory `/home/hololab/workspace/Volvux/build/CMakeFiles/CMakeTmp'


Determining if files fcntl.h exist passed with the following output:
Change Dir: /home/hololab/workspace/Volvux/build/CMakeFiles/CMakeTmp

Run Build Command:"/usr/bin/make" "cmTC_e0760/fast"
/usr/bin/make -f CMakeFiles/cmTC_e0760.dir/build.make CMakeFiles/cmTC_e0760.dir/build
make[1]: Entering directory `/home/hololab/workspace/Volvux/build/CMakeFiles/CMakeTmp'
Building C object CMakeFiles/cmTC_e0760.dir/CheckIncludeFiles.c.o
/usr/bin/cc    -Wall -pedantic    -o CMakeFiles/cmTC_e0760.dir/CheckIncludeFiles.c.o   -c /home/hololab/workspace/Volvux/build/CMakeFiles/CMakeTmp/CheckIncludeFiles.c
Linking C executable cmTC_e0760
/usr/share/cmake-3.4.0-Linux-x86_64/bin/cmake -E cmake_link_script CMakeFiles/cmTC_e0760.dir/link.txt --verbose=1
/usr/bin/cc   -Wall -pedantic     CMakeFiles/cmTC_e0760.dir/CheckIncludeFiles.c.o  -o cmTC_e0760 -rdynamic 
make[1]: Leaving directory `/home/hololab/workspace/Volvux/build/CMakeFiles/CMakeTmp'


Determining if the function gettimeofday exists passed with the following output:
Change Dir: /home/hololab/workspace/Volvux/build/CMakeFiles/CMakeTmp

Run Build Command:"/usr/bin/make" "cmTC_1cf68/fast"
/usr/bin/make -f CMakeFiles/cmTC_1cf68.dir/build.make CMakeFiles/cmTC_1cf68.dir/build
make[1]: Entering directory `/home/hololab/workspace/Volvux/build/CMakeFiles/CMakeTmp'
Building C object CMakeFiles/cmTC_1cf68.dir/CheckFunctionExists.c.o
/usr/bin/cc    -Wall -pedantic -DCHECK_FUNCTION_EXISTS=gettimeofday   -o CMakeFiles/cmTC_1cf68.dir/CheckFunctionExists.c.o   -c /usr/share/cmake-3.4.0-Linux-x86_64/share/cmake-3.4/Modules/CheckFunctionExists.c
Linking C executable cmTC_1cf68
/usr/share/cmake-3.4.0-Linux-x86_64/bin/cmake -E cmake_link_script CMakeFiles/cmTC_1cf68.dir/link.txt --verbose=1
/usr/bin/cc   -Wall -pedantic -DCHECK_FUNCTION_EXISTS=gettimeofday    CMakeFiles/cmTC_1cf68.dir/CheckFunctionExists.c.o  -o cmTC_1cf68 -rdynamic -lm 
make[1]: Leaving directory `/home/hololab/workspace/Volvux/build/CMakeFiles/CMakeTmp'


Determining if files stdint.h exist passed with the following output:
Change Dir: /home/hololab/workspace/Volvux/build/CMakeFiles/CMakeTmp

Run Build Command:"/usr/bin/make" "cmTC_fbd2e/fast"
/usr/bin/make -f CMakeFiles/cmTC_fbd2e.dir/build.make CMakeFiles/cmTC_fbd2e.dir/build
make[1]: Entering directory `/home/hololab/workspace/Volvux/build/CMakeFiles/CMakeTmp'
Building C object CMakeFiles/cmTC_fbd2e.dir/CheckIncludeFiles.c.o
/usr/bin/cc    -Wall -pedantic    -o CMakeFiles/cmTC_fbd2e.dir/CheckIncludeFiles.c.o   -c /home/hololab/workspace/Volvux/build/CMakeFiles/CMakeTmp/CheckIncludeFiles.c
Linking C executable cmTC_fbd2e
/usr/share/cmake-3.4.0-Linux-x86_64/bin/cmake -E cmake_link_script CMakeFiles/cmTC_fbd2e.dir/link.txt --verbose=1
/usr/bin/cc   -Wall -pedantic     CMakeFiles/cmTC_fbd2e.dir/CheckIncludeFiles.c.o  -o cmTC_fbd2e -rdynamic 
make[1]: Leaving directory `/home/hololab/workspace/Volvux/build/CMakeFiles/CMakeTmp'


Determining if files inttypes.h exist passed with the following output:
Change Dir: /home/hololab/workspace/Volvux/build/CMakeFiles/CMakeTmp

Run Build Command:"/usr/bin/make" "cmTC_bbc09/fast"
/usr/bin/make -f CMakeFiles/cmTC_bbc09.dir/build.make CMakeFiles/cmTC_bbc09.dir/build
make[1]: Entering directory `/home/hololab/workspace/Volvux/build/CMakeFiles/CMakeTmp'
Building C object CMakeFiles/cmTC_bbc09.dir/CheckIncludeFiles.c.o
/usr/bin/cc    -Wall -pedantic    -o CMakeFiles/cmTC_bbc09.dir/CheckIncludeFiles.c.o   -c /home/hololab/workspace/Volvux/build/CMakeFiles/CMakeTmp/CheckIncludeFiles.c
Linking C executable cmTC_bbc09
/usr/share/cmake-3.4.0-Linux-x86_64/bin/cmake -E cmake_link_script CMakeFiles/cmTC_bbc09.dir/link.txt --verbose=1
/usr/bin/cc   -Wall -pedantic     CMakeFiles/cmTC_bbc09.dir/CheckIncludeFiles.c.o  -o cmTC_bbc09 -rdynamic 
make[1]: Leaving directory `/home/hololab/workspace/Volvux/build/CMakeFiles/CMakeTmp'


